15:05:45 INFO  : Registering command handlers for SDK TCF services
15:05:46 INFO  : Launching XSCT server: xsct.bat -interactive C:\Users\bntha\Desktop\ZedBoard_Tuturial\zynq_interrupt\zynq_interrupt.sdk\temp_xsdb_launch_script.tcl
15:05:53 INFO  : XSCT server has started successfully.
15:05:53 INFO  : Successfully done setting XSCT server connection channel  
15:05:56 INFO  : Successfully done setting SDK workspace  
15:05:56 INFO  : Processing command line option -hwspec C:/Users/bntha/Desktop/ZedBoard_Tuturial/zynq_interrupt/zynq_interrupt.sdk/zynq_interrupt_system_wrapper.hdf.
15:10:16 INFO  : Connected to target on host '127.0.0.1' and port '3121'.
15:10:17 INFO  : 'targets -set -filter {jtag_cable_name =~ "Digilent Zed 210248774543" && level==0} -index 1' command is executed.
15:10:19 INFO  : FPGA configured successfully with bitstream "C:/Users/bntha/Desktop/ZedBoard_Tuturial/zynq_interrupt/zynq_interrupt.sdk/zynq_interrupt_system_wrapper_hw_platform_0/zynq_interrupt_system_wrapper.bit"
15:11:34 INFO  : Connected to target on host '127.0.0.1' and port '3121'.
15:11:34 INFO  : 'targets -set -filter {jtag_cable_name =~ "Digilent Zed 210248774543" && level==0} -index 1' command is executed.
15:11:36 INFO  : FPGA configured successfully with bitstream "C:/Users/bntha/Desktop/ZedBoard_Tuturial/zynq_interrupt/zynq_interrupt.sdk/zynq_interrupt_system_wrapper_hw_platform_0/zynq_interrupt_system_wrapper.bit"
15:12:41 WARN  : Given IPC port value is invalid. Using default port 2350
15:12:41 WARN  : Given XMD timeout value is invalid. Using default value of 50000
15:12:43 WARN  : Given XMD transaction timeout value is invalid. Using default value of 60000 milli seconds
15:12:43 WARN  : Given XMD transaction timeout value is invalid. Using default value of 60000 milli seconds
15:12:47 WARN  : Given XMD transaction timeout value is invalid. Using default value of 60000 milli seconds
15:12:47 WARN  : Given XMD transaction timeout value is invalid. Using default value of 60000 milli seconds
15:12:47 WARN  : Given XMD transaction timeout value is invalid. Using default value of 60000 milli seconds
15:12:47 WARN  : Given XMD transaction timeout value is invalid. Using default value of 60000 milli seconds
15:12:47 WARN  : Given XMD transaction timeout value is invalid. Using default value of 60000 milli seconds
15:12:47 WARN  : Given XMD transaction timeout value is invalid. Using default value of 60000 milli seconds
15:12:47 WARN  : Given XMD transaction timeout value is invalid. Using default value of 60000 milli seconds
15:12:47 INFO  : Processor reset is completed for ps7_cortexa9_0
15:12:47 WARN  : Given XMD transaction timeout value is invalid. Using default value of 60000 milli seconds
15:12:48 WARN  : Given XMD transaction timeout value is invalid. Using default value of 60000 milli seconds
15:12:48 WARN  : Given XMD transaction timeout value is invalid. Using default value of 60000 milli seconds
15:12:48 WARN  : Given XMD transaction timeout value is invalid. Using default value of 60000 milli seconds
15:12:48 WARN  : Given XMD transaction timeout value is invalid. Using default value of 60000 milli seconds
15:12:48 WARN  : Given XMD transaction timeout value is invalid. Using default value of 60000 milli seconds
15:32:01 INFO  : SDK has detected change in the last modified timestamps for source hardware specification file Source:1523341890742,  Project:1523339709170
15:32:01 INFO  : Project zynq_interrupt_system_wrapper_hw_platform_0's source hardware specification located at C:/Users/bntha/Desktop/ZedBoard_Tuturial/zynq_interrupt/zynq_interrupt.sdk/zynq_interrupt_system_wrapper.hdf is now different from the local copy.
		 The local copy will be replaced with the source specification and your workspace will be updated.
15:32:06 INFO  : Copied contents of C:/Users/bntha/Desktop/ZedBoard_Tuturial/zynq_interrupt/zynq_interrupt.sdk/zynq_interrupt_system_wrapper.hdf into \zynq_interrupt_system_wrapper_hw_platform_0\system.hdf.
15:32:11 INFO  : Synchronizing projects in the workspace with the hardware platform specification changes.
15:32:20 INFO  : 
15:32:21 INFO  : Updating hardware inferred compiler options for interrupt_counter.
15:32:21 INFO  : Clearing existing target manager status.
15:32:21 INFO  : Closing and re-opening the MSS file of ther project interrupt_counter_bsp
15:32:22 INFO  : Workspace synchronized with the new hardware specification file. Cleaning dependent projects...
15:32:26 WARN  : Linker script will not be updated automatically. Users need to update it manually.
15:35:38 INFO  : Connected to target on host '127.0.0.1' and port '3121'.
15:35:38 INFO  : 'targets -set -filter {jtag_cable_name =~ "Digilent Zed 210248774543" && level==0} -index 1' command is executed.
15:35:41 INFO  : FPGA configured successfully with bitstream "C:/Users/bntha/Desktop/ZedBoard_Tuturial/zynq_interrupt/zynq_interrupt.sdk/zynq_interrupt_system_wrapper_hw_platform_0/zynq_interrupt_system_wrapper.bit"
15:35:49 WARN  : Given XMD transaction timeout value is invalid. Using default value of 60000 milli seconds
15:35:52 WARN  : Given XMD transaction timeout value is invalid. Using default value of 60000 milli seconds
15:35:52 WARN  : Given XMD transaction timeout value is invalid. Using default value of 60000 milli seconds
15:35:52 WARN  : Given XMD transaction timeout value is invalid. Using default value of 60000 milli seconds
15:35:52 WARN  : Given XMD transaction timeout value is invalid. Using default value of 60000 milli seconds
15:35:52 WARN  : Given XMD transaction timeout value is invalid. Using default value of 60000 milli seconds
15:35:53 WARN  : Given XMD transaction timeout value is invalid. Using default value of 60000 milli seconds
15:35:53 WARN  : Given XMD transaction timeout value is invalid. Using default value of 60000 milli seconds
15:35:53 INFO  : Processor reset is completed for ps7_cortexa9_0
15:35:53 WARN  : Given XMD transaction timeout value is invalid. Using default value of 60000 milli seconds
15:35:53 WARN  : Given XMD transaction timeout value is invalid. Using default value of 60000 milli seconds
15:35:53 WARN  : Given XMD transaction timeout value is invalid. Using default value of 60000 milli seconds
15:35:53 WARN  : Given XMD transaction timeout value is invalid. Using default value of 60000 milli seconds
15:35:53 WARN  : Given XMD transaction timeout value is invalid. Using default value of 60000 milli seconds
15:35:53 ERROR : Unexpected error while launching program.
java.lang.RuntimeException: Unknown Error Occured
    Target '64' Does NOT exist in the Current System


	at com.xilinx.sdk.targetmanager.internal.TM.setSafeMode(TM.java:600)
	at com.xilinx.sdk.debug.core.internal.AppRunner.run(AppRunner.java:136)
	at com.xilinx.sdk.debug.core.XilinxAppLaunchConfigurationDelegate.runApplication(XilinxAppLaunchConfigurationDelegate.java:637)
	at com.xilinx.sdk.debug.core.XilinxAppLaunchConfigurationDelegate.launch(XilinxAppLaunchConfigurationDelegate.java:309)
	at com.xilinx.sdk.debug.ui.XilinxAppLaunchDelegateWrapper.launch(XilinxAppLaunchDelegateWrapper.java:31)
	at org.eclipse.debug.internal.core.LaunchConfiguration.launch(LaunchConfiguration.java:885)
	at org.eclipse.debug.internal.core.LaunchConfiguration.launch(LaunchConfiguration.java:739)
	at org.eclipse.debug.internal.ui.DebugUIPlugin.buildAndLaunch(DebugUIPlugin.java:1039)
	at org.eclipse.debug.internal.ui.DebugUIPlugin$8.run(DebugUIPlugin.java:1256)
	at org.eclipse.core.internal.jobs.Worker.run(Worker.java:55)
15:35:53 WARN  : Given XMD transaction timeout value is invalid. Using default value of 60000 milli seconds
15:36:58 INFO  : Connected to target on host '127.0.0.1' and port '3121'.
15:36:58 INFO  : 'targets -set -filter {jtag_cable_name =~ "Digilent Zed 210248774543" && level==0} -index 1' command is executed.
15:37:01 INFO  : FPGA configured successfully with bitstream "C:/Users/bntha/Desktop/ZedBoard_Tuturial/zynq_interrupt/zynq_interrupt.sdk/zynq_interrupt_system_wrapper_hw_platform_0/zynq_interrupt_system_wrapper.bit"
15:37:11 INFO  : 'targets -set -filter {jtag_cable_name =~ "Digilent Zed 210248774543" && level==0} -index 1' command is executed.
15:37:11 INFO  : 'fpga -state' command is executed.
15:37:11 INFO  : Connected to target on host '127.0.0.1' and port '3121'.
15:37:11 INFO  : Jtag cable 'Digilent Zed 210248774543' is selected.
15:37:11 INFO  : 'jtag frequency' command is executed.
15:37:11 INFO  : Sourcing of 'C:/Users/bntha/Desktop/ZedBoard_Tuturial/zynq_interrupt/zynq_interrupt.sdk/zynq_interrupt_system_wrapper_hw_platform_0/ps7_init.tcl' is done.
15:37:11 INFO  : Context for 'APU' is selected.
15:37:11 INFO  : Hardware design information is loaded from 'C:/Users/bntha/Desktop/ZedBoard_Tuturial/zynq_interrupt/zynq_interrupt.sdk/zynq_interrupt_system_wrapper_hw_platform_0/system.hdf'.
15:37:11 INFO  : 'configparams force-mem-access 1' command is executed.
15:37:11 INFO  : Context for 'APU' is selected.
15:37:11 INFO  : 'stop' command is executed.
15:37:12 INFO  : 'ps7_init' command is executed.
15:37:12 INFO  : 'ps7_post_config' command is executed.
15:37:12 INFO  : Context for processor 'ps7_cortexa9_0' is selected.
15:37:12 INFO  : Processor reset is completed for 'ps7_cortexa9_0'.
15:37:12 INFO  : Context for processor 'ps7_cortexa9_0' is selected.
15:37:12 INFO  : The application 'C:/Users/bntha/Desktop/ZedBoard_Tuturial/zynq_interrupt/zynq_interrupt.sdk/interrupt_counter/Debug/interrupt_counter.elf' is downloaded to processor 'ps7_cortexa9_0'.
15:37:12 INFO  : 'configparams force-mem-access 0' command is executed.
15:37:12 INFO  : ----------------XSDB Script----------------
connect -url tcp:127.0.0.1:3121
source C:/Users/bntha/Desktop/ZedBoard_Tuturial/zynq_interrupt/zynq_interrupt.sdk/zynq_interrupt_system_wrapper_hw_platform_0/ps7_init.tcl
targets -set -nocase -filter {name =~"APU*" && jtag_cable_name =~ "Digilent Zed 210248774543"} -index 0
loadhw -hw C:/Users/bntha/Desktop/ZedBoard_Tuturial/zynq_interrupt/zynq_interrupt.sdk/zynq_interrupt_system_wrapper_hw_platform_0/system.hdf -mem-ranges [list {0x40000000 0xbfffffff}]
configparams force-mem-access 1
targets -set -nocase -filter {name =~"APU*" && jtag_cable_name =~ "Digilent Zed 210248774543"} -index 0
stop
ps7_init
ps7_post_config
targets -set -nocase -filter {name =~ "ARM*#0" && jtag_cable_name =~ "Digilent Zed 210248774543"} -index 0
rst -processor
targets -set -nocase -filter {name =~ "ARM*#0" && jtag_cable_name =~ "Digilent Zed 210248774543"} -index 0
dow C:/Users/bntha/Desktop/ZedBoard_Tuturial/zynq_interrupt/zynq_interrupt.sdk/interrupt_counter/Debug/interrupt_counter.elf
configparams force-mem-access 0
----------------End of Script----------------

15:37:12 INFO  : Memory regions updated for context APU
15:37:12 INFO  : Context for processor 'ps7_cortexa9_0' is selected.
15:37:12 INFO  : 'con' command is executed.
15:37:12 INFO  : ----------------XSDB Script (After Launch)----------------
targets -set -nocase -filter {name =~ "ARM*#0" && jtag_cable_name =~ "Digilent Zed 210248774543"} -index 0
con
----------------End of Script----------------

15:37:12 INFO  : Launch script is exported to file 'C:\Users\bntha\Desktop\ZedBoard_Tuturial\zynq_interrupt\zynq_interrupt.sdk\.sdk\launch_scripts\xilinx_c-c++_application_(system_debugger)\system_debugger_using_debug_interrupt_counter.elf_on_local.tcl'
16:16:49 INFO  : Connected to target on host '127.0.0.1' and port '3121'.
16:16:49 INFO  : 'targets -set -filter {jtag_cable_name =~ "Digilent Zed 210248774543" && level==0} -index 1' command is executed.
16:16:51 INFO  : FPGA configured successfully with bitstream "C:/Users/bntha/Desktop/ZedBoard_Tuturial/zynq_interrupt/zynq_interrupt.sdk/zynq_interrupt_system_wrapper_hw_platform_0/zynq_interrupt_system_wrapper.bit"
16:17:37 INFO  : Disconnected from the channel tcfchan#1.
16:17:38 INFO  : 'targets -set -filter {jtag_cable_name =~ "Digilent Zed 210248774543" && level==0} -index 1' command is executed.
16:17:38 INFO  : 'fpga -state' command is executed.
16:17:38 INFO  : Connected to target on host '127.0.0.1' and port '3121'.
16:17:39 INFO  : Jtag cable 'Digilent Zed 210248774543' is selected.
16:17:39 INFO  : 'jtag frequency' command is executed.
16:17:39 INFO  : Sourcing of 'C:/Users/bntha/Desktop/ZedBoard_Tuturial/zynq_interrupt/zynq_interrupt.sdk/zynq_interrupt_system_wrapper_hw_platform_0/ps7_init.tcl' is done.
16:17:39 INFO  : Context for 'APU' is selected.
16:17:43 INFO  : Hardware design information is loaded from 'C:/Users/bntha/Desktop/ZedBoard_Tuturial/zynq_interrupt/zynq_interrupt.sdk/zynq_interrupt_system_wrapper_hw_platform_0/system.hdf'.
16:17:43 INFO  : 'configparams force-mem-access 1' command is executed.
16:17:43 INFO  : Context for 'APU' is selected.
16:17:43 INFO  : 'stop' command is executed.
16:17:43 INFO  : 'ps7_init' command is executed.
16:17:43 INFO  : 'ps7_post_config' command is executed.
16:17:43 INFO  : Context for processor 'ps7_cortexa9_0' is selected.
16:17:43 INFO  : Processor reset is completed for 'ps7_cortexa9_0'.
16:17:43 INFO  : Context for processor 'ps7_cortexa9_0' is selected.
16:17:44 INFO  : The application 'C:/Users/bntha/Desktop/ZedBoard_Tuturial/zynq_interrupt/zynq_interrupt.sdk/interrupt_counter/Debug/interrupt_counter.elf' is downloaded to processor 'ps7_cortexa9_0'.
16:17:44 INFO  : 'configparams force-mem-access 0' command is executed.
16:17:44 INFO  : ----------------XSDB Script----------------
connect -url tcp:127.0.0.1:3121
source C:/Users/bntha/Desktop/ZedBoard_Tuturial/zynq_interrupt/zynq_interrupt.sdk/zynq_interrupt_system_wrapper_hw_platform_0/ps7_init.tcl
targets -set -nocase -filter {name =~"APU*" && jtag_cable_name =~ "Digilent Zed 210248774543"} -index 0
loadhw -hw C:/Users/bntha/Desktop/ZedBoard_Tuturial/zynq_interrupt/zynq_interrupt.sdk/zynq_interrupt_system_wrapper_hw_platform_0/system.hdf -mem-ranges [list {0x40000000 0xbfffffff}]
configparams force-mem-access 1
targets -set -nocase -filter {name =~"APU*" && jtag_cable_name =~ "Digilent Zed 210248774543"} -index 0
stop
ps7_init
ps7_post_config
targets -set -nocase -filter {name =~ "ARM*#0" && jtag_cable_name =~ "Digilent Zed 210248774543"} -index 0
rst -processor
targets -set -nocase -filter {name =~ "ARM*#0" && jtag_cable_name =~ "Digilent Zed 210248774543"} -index 0
dow C:/Users/bntha/Desktop/ZedBoard_Tuturial/zynq_interrupt/zynq_interrupt.sdk/interrupt_counter/Debug/interrupt_counter.elf
configparams force-mem-access 0
----------------End of Script----------------

16:17:44 INFO  : Memory regions updated for context APU
16:17:44 INFO  : Context for processor 'ps7_cortexa9_0' is selected.
16:17:44 INFO  : 'con' command is executed.
16:17:44 INFO  : ----------------XSDB Script (After Launch)----------------
targets -set -nocase -filter {name =~ "ARM*#0" && jtag_cable_name =~ "Digilent Zed 210248774543"} -index 0
con
----------------End of Script----------------

16:17:44 INFO  : Launch script is exported to file 'C:\Users\bntha\Desktop\ZedBoard_Tuturial\zynq_interrupt\zynq_interrupt.sdk\.sdk\launch_scripts\xilinx_c-c++_application_(system_debugger)\system_debugger_using_debug_interrupt_counter.elf_on_local.tcl'
16:40:14 INFO  : Disconnected from the channel tcfchan#2.
16:40:16 ERROR : Unexpected error while parsing XMD response ?: com.google.gson.JsonSyntaxException: com.google.gson.stream.MalformedJsonException: invalid number or unquoted string near 
