20:03:27 INFO  : Registering command handlers for SDK TCF services
20:03:28 INFO  : Launching XSCT server: xsct.bat -interactive C:\Users\bntha\Desktop\ZedBoard_Tuturial\led_controller\led_controller.sdk\temp_xsdb_launch_script.tcl
20:03:33 INFO  : XSCT server has started successfully.
20:03:33 INFO  : Successfully done setting XSCT server connection channel  
20:03:38 INFO  : Successfully done setting SDK workspace  
20:03:39 INFO  : Processing command line option -hwspec C:/Users/bntha/Desktop/ZedBoard_Tuturial/led_controller/led_controller.sdk/led_test_system_wrapper.hdf.
20:05:37 INFO  : Saving repository preferences.
20:05:37 INFO  : Reading in cores from local repositories: 
		 C:\Users\bntha\Desktop\ZedBoard_Tuturial\ip_repo\led_controller_1.0
20:05:37 INFO  : Cleaning BSP projects in the workspace.
20:06:42 INFO  : Saving repository preferences.
20:09:20 INFO  : No changes in MSS file content so not generating sources.
20:10:59 INFO  : No changes in MSS file content so not generating sources.
20:15:18 INFO  : Connected to target on host '127.0.0.1' and port '3121'.
20:15:19 INFO  : 'targets -set -filter {jtag_cable_name =~ "Digilent Zed 210248774543" && level==0} -index 1' command is executed.
20:15:22 INFO  : FPGA configured successfully with bitstream "C:/Users/bntha/Desktop/ZedBoard_Tuturial/led_controller/led_controller.sdk/led_test_system_wrapper_hw_platform_0/led_test_system_wrapper.bit"
20:15:37 WARN  : Given IPC port value is invalid. Using default port 2350
20:15:37 WARN  : Given XMD timeout value is invalid. Using default value of 50000
20:15:40 WARN  : Given XMD transaction timeout value is invalid. Using default value of 60000 milli seconds
20:15:40 WARN  : Given XMD transaction timeout value is invalid. Using default value of 60000 milli seconds
20:15:44 WARN  : Given XMD transaction timeout value is invalid. Using default value of 60000 milli seconds
20:15:44 WARN  : Given XMD transaction timeout value is invalid. Using default value of 60000 milli seconds
20:15:44 WARN  : Given XMD transaction timeout value is invalid. Using default value of 60000 milli seconds
20:15:45 WARN  : Given XMD transaction timeout value is invalid. Using default value of 60000 milli seconds
20:15:45 WARN  : Given XMD transaction timeout value is invalid. Using default value of 60000 milli seconds
20:15:45 WARN  : Given XMD transaction timeout value is invalid. Using default value of 60000 milli seconds
20:15:45 WARN  : Given XMD transaction timeout value is invalid. Using default value of 60000 milli seconds
20:15:45 INFO  : ps7_init is completed.
20:15:45 WARN  : Given XMD transaction timeout value is invalid. Using default value of 60000 milli seconds
20:15:45 INFO  : ps7_post_config is completed.
20:15:45 WARN  : Given XMD transaction timeout value is invalid. Using default value of 60000 milli seconds
20:15:45 WARN  : Given XMD transaction timeout value is invalid. Using default value of 60000 milli seconds
20:15:45 INFO  : Processor reset is completed for ps7_cortexa9_0
20:15:46 WARN  : Given XMD transaction timeout value is invalid. Using default value of 60000 milli seconds
20:15:46 WARN  : Given XMD transaction timeout value is invalid. Using default value of 60000 milli seconds
20:15:46 WARN  : Given XMD transaction timeout value is invalid. Using default value of 60000 milli seconds
20:15:46 WARN  : Given XMD transaction timeout value is invalid. Using default value of 60000 milli seconds
20:15:46 WARN  : Given XMD transaction timeout value is invalid. Using default value of 60000 milli seconds
20:15:46 WARN  : Given XMD transaction timeout value is invalid. Using default value of 60000 milli seconds
20:19:05 INFO  : Saving repository preferences.
20:19:05 INFO  : Reading in cores from local repositories: 
		 C:\Users\bntha\Desktop\ZedBoard_Tuturial\ip_repo\led_controller_1.0\drivers\led_controller_v1_0\src
20:19:05 INFO  : Cleaning BSP projects in the workspace.
20:19:16 INFO  : Saving repository preferences.
20:30:06 ERROR : Failed to closesw "C:/Users/bntha/Desktop/ZedBoard_Tuturial/led_controller/led_controller.sdk/LED_Controller_test_bsp/system.mss"
Reason: Cannot close sw design 'C:/Users/bntha/Desktop/ZedBoard_Tuturial/led_controller/led_controller.sdk/LED_Controller_test_bsp/system.mss'.
Design is not opened in the current session.


20:30:35 INFO  : Saving repository preferences.
20:30:35 INFO  : Reading in cores from local repositories: 
		 C:\Users\bntha\Desktop\ZedBoard_Tuturial\ip_repo\led_controller_1.0
20:30:35 INFO  : Cleaning BSP projects in the workspace.
20:30:42 INFO  : Saving repository preferences.
20:35:23 INFO  : Saving repository preferences.
20:35:23 INFO  : Reading in cores from global repositories: 
		 C:\Users\bntha\Desktop\ZedBoard_Tuturial\ip_repo\led_controller_1.0
20:35:23 INFO  : Cleaning BSP projects in the workspace.
20:35:29 INFO  : Saving repository preferences.
20:47:09 INFO  : Refreshed build settings on project LED_Controller_test
20:57:31 WARN  : Given XMD transaction timeout value is invalid. Using default value of 60000 milli seconds
20:57:31 WARN  : Given XMD transaction timeout value is invalid. Using default value of 60000 milli seconds
20:57:31 WARN  : Given XMD transaction timeout value is invalid. Using default value of 60000 milli seconds
22:24:31 ERROR : Unexpected error while parsing XMD response ?: com.google.gson.JsonSyntaxException: com.google.gson.stream.MalformedJsonException: invalid number or unquoted string near 
