23:04:24 INFO  : Registering command handlers for SDK TCF services
23:04:26 INFO  : Launching XSCT server: xsct.bat -interactive C:\Users\bntha\Desktop\ZedBoard_Tuturial\adventures_with_ip\adventures_with_ip.sdk\temp_xsdb_launch_script.tcl
23:04:31 INFO  : XSCT server has started successfully.
23:04:33 INFO  : Successfully done setting XSCT server connection channel  
23:04:33 INFO  : Successfully done setting SDK workspace  
23:04:33 INFO  : Restoring global repository preferences: 
		 C:\Users\bntha\Desktop\ZedBoard_Tuturial\ip_repo\led_controller_1.0
23:04:33 INFO  : Processing command line option -hwspec C:/Users/bntha/Desktop/ZedBoard_Tuturial/adventures_with_ip/adventures_with_ip.sdk/ip_design_wrapper.hdf.
23:09:33 INFO  : Saving repository preferences.
23:09:33 INFO  : Reading in cores from local repositories: 
		 C:\Users\bntha\Desktop\ZedBoard_Tuturial\Sources\adventures_with_ip_integrator\ip\zed_audio_ctrl
		 C:\Users\bntha\Desktop\ZedBoard_Tuturial\Sources\adventures_with_ip_integrator\ip\xilinx_com_hls_nco_1_0
		 C:\Users\bntha\Desktop\ZedBoard_Tuturial\Sources\adventures_with_ip_integrator\ip\xilinx.com_user_lms_pcore_1.0
		 C:\Users\bntha\Desktop\ZedBoard_Tuturial\Sources\adventures_with_ip_integrator\ip\xilinx.com_user_led_controller_1.0
23:09:33 INFO  : Cleaning BSP projects in the workspace.
23:09:39 INFO  : Saving repository preferences.
23:12:04 INFO  : No changes in MSS file content so not generating sources.
23:17:21 INFO  : Connected to target on host '127.0.0.1' and port '3121'.
23:17:22 INFO  : 'targets -set -filter {jtag_cable_name =~ "Digilent Zed 210248774543" && level==0} -index 1' command is executed.
23:17:25 INFO  : FPGA configured successfully with bitstream "C:/Users/bntha/Desktop/ZedBoard_Tuturial/adventures_with_ip/adventures_with_ip.sdk/ip_design_wrapper_hw_platform_0/ip_design_wrapper.bit"
23:17:37 INFO  : 'targets -set -filter {jtag_cable_name =~ "Digilent Zed 210248774543" && level==0} -index 1' command is executed.
23:17:37 INFO  : 'fpga -state' command is executed.
23:17:37 INFO  : Connected to target on host '127.0.0.1' and port '3121'.
23:17:37 INFO  : Jtag cable 'Digilent Zed 210248774543' is selected.
23:17:37 INFO  : 'jtag frequency' command is executed.
23:17:37 INFO  : Sourcing of 'C:/Users/bntha/Desktop/ZedBoard_Tuturial/adventures_with_ip/adventures_with_ip.sdk/ip_design_wrapper_hw_platform_0/ps7_init.tcl' is done.
23:17:37 INFO  : Context for 'APU' is selected.
23:17:37 INFO  : Hardware design information is loaded from 'C:/Users/bntha/Desktop/ZedBoard_Tuturial/adventures_with_ip/adventures_with_ip.sdk/ip_design_wrapper_hw_platform_0/system.hdf'.
23:17:37 INFO  : 'configparams force-mem-access 1' command is executed.
23:17:37 INFO  : Context for 'APU' is selected.
23:17:37 INFO  : 'stop' command is executed.
23:17:38 INFO  : 'ps7_init' command is executed.
23:17:38 INFO  : 'ps7_post_config' command is executed.
23:17:38 INFO  : Context for processor 'ps7_cortexa9_0' is selected.
23:17:38 INFO  : Processor reset is completed for 'ps7_cortexa9_0'.
23:17:38 INFO  : Context for processor 'ps7_cortexa9_0' is selected.
23:17:38 INFO  : The application 'C:/Users/bntha/Desktop/ZedBoard_Tuturial/adventures_with_ip/adventures_with_ip.sdk/adventures_with_ip/Debug/adventures_with_ip.elf' is downloaded to processor 'ps7_cortexa9_0'.
23:17:38 INFO  : 'configparams force-mem-access 0' command is executed.
23:17:38 INFO  : ----------------XSDB Script----------------
connect -url tcp:127.0.0.1:3121
source C:/Users/bntha/Desktop/ZedBoard_Tuturial/adventures_with_ip/adventures_with_ip.sdk/ip_design_wrapper_hw_platform_0/ps7_init.tcl
targets -set -nocase -filter {name =~"APU*" && jtag_cable_name =~ "Digilent Zed 210248774543"} -index 0
loadhw -hw C:/Users/bntha/Desktop/ZedBoard_Tuturial/adventures_with_ip/adventures_with_ip.sdk/ip_design_wrapper_hw_platform_0/system.hdf -mem-ranges [list {0x40000000 0xbfffffff}]
configparams force-mem-access 1
targets -set -nocase -filter {name =~"APU*" && jtag_cable_name =~ "Digilent Zed 210248774543"} -index 0
stop
ps7_init
ps7_post_config
targets -set -nocase -filter {name =~ "ARM*#0" && jtag_cable_name =~ "Digilent Zed 210248774543"} -index 0
rst -processor
targets -set -nocase -filter {name =~ "ARM*#0" && jtag_cable_name =~ "Digilent Zed 210248774543"} -index 0
dow C:/Users/bntha/Desktop/ZedBoard_Tuturial/adventures_with_ip/adventures_with_ip.sdk/adventures_with_ip/Debug/adventures_with_ip.elf
configparams force-mem-access 0
----------------End of Script----------------

23:17:38 INFO  : Memory regions updated for context APU
23:17:39 INFO  : Context for processor 'ps7_cortexa9_0' is selected.
23:17:39 INFO  : 'con' command is executed.
23:17:39 INFO  : ----------------XSDB Script (After Launch)----------------
targets -set -nocase -filter {name =~ "ARM*#0" && jtag_cable_name =~ "Digilent Zed 210248774543"} -index 0
con
----------------End of Script----------------

23:17:39 INFO  : Launch script is exported to file 'C:\Users\bntha\Desktop\ZedBoard_Tuturial\adventures_with_ip\adventures_with_ip.sdk\.sdk\launch_scripts\xilinx_c-c++_application_(system_debugger)\system_debugger_using_debug_adventures_with_ip.elf_on_local.tcl'
23:18:12 WARN  : Given IPC port value is invalid. Using default port 2350
23:18:12 WARN  : Given XMD timeout value is invalid. Using default value of 50000
23:18:14 WARN  : Given XMD transaction timeout value is invalid. Using default value of 60000 milli seconds
23:18:22 WARN  : Given XMD transaction timeout value is invalid. Using default value of 60000 milli seconds
23:18:22 INFO  : Disconnected from the channel tcfchan#1.
23:18:26 WARN  : Given XMD transaction timeout value is invalid. Using default value of 60000 milli seconds
23:18:26 WARN  : Given XMD transaction timeout value is invalid. Using default value of 60000 milli seconds
23:18:26 WARN  : Given XMD transaction timeout value is invalid. Using default value of 60000 milli seconds
23:18:26 WARN  : Given XMD transaction timeout value is invalid. Using default value of 60000 milli seconds
23:18:26 WARN  : Given XMD transaction timeout value is invalid. Using default value of 60000 milli seconds
23:18:26 WARN  : Given XMD transaction timeout value is invalid. Using default value of 60000 milli seconds
23:18:27 WARN  : Given XMD transaction timeout value is invalid. Using default value of 60000 milli seconds
23:18:27 INFO  : ps7_init is completed.
23:18:27 WARN  : Given XMD transaction timeout value is invalid. Using default value of 60000 milli seconds
23:18:27 INFO  : ps7_post_config is completed.
23:18:27 WARN  : Given XMD transaction timeout value is invalid. Using default value of 60000 milli seconds
23:18:27 WARN  : Given XMD transaction timeout value is invalid. Using default value of 60000 milli seconds
23:18:27 INFO  : Processor reset is completed for ps7_cortexa9_0
23:18:27 WARN  : Given XMD transaction timeout value is invalid. Using default value of 60000 milli seconds
23:18:27 WARN  : Given XMD transaction timeout value is invalid. Using default value of 60000 milli seconds
23:18:27 WARN  : Given XMD transaction timeout value is invalid. Using default value of 60000 milli seconds
23:18:28 WARN  : Given XMD transaction timeout value is invalid. Using default value of 60000 milli seconds
23:18:28 WARN  : Given XMD transaction timeout value is invalid. Using default value of 60000 milli seconds
23:18:28 WARN  : Given XMD transaction timeout value is invalid. Using default value of 60000 milli seconds
23:26:11 WARN  : Given XMD transaction timeout value is invalid. Using default value of 60000 milli seconds
23:26:11 INFO  : ps7_cortexa9_0 Processor is in use. Please stop existing Run or Debug sessions before launching.
23:26:12 WARN  : Given XMD transaction timeout value is invalid. Using default value of 60000 milli seconds
23:26:12 WARN  : Given XMD transaction timeout value is invalid. Using default value of 60000 milli seconds
23:26:12 WARN  : Given XMD transaction timeout value is invalid. Using default value of 60000 milli seconds
23:26:12 WARN  : Given XMD transaction timeout value is invalid. Using default value of 60000 milli seconds
23:26:12 WARN  : Given XMD transaction timeout value is invalid. Using default value of 60000 milli seconds
23:26:12 INFO  : Processor reset is completed for ps7_cortexa9_0
23:26:12 WARN  : Given XMD transaction timeout value is invalid. Using default value of 60000 milli seconds
23:26:13 WARN  : Given XMD transaction timeout value is invalid. Using default value of 60000 milli seconds
23:26:13 WARN  : Given XMD transaction timeout value is invalid. Using default value of 60000 milli seconds
23:26:13 WARN  : Given XMD transaction timeout value is invalid. Using default value of 60000 milli seconds
23:26:13 WARN  : Given XMD transaction timeout value is invalid. Using default value of 60000 milli seconds
23:26:13 WARN  : Given XMD transaction timeout value is invalid. Using default value of 60000 milli seconds
23:27:07 INFO  : Connected to target on host '127.0.0.1' and port '3121'.
23:27:08 INFO  : 'targets -set -filter {jtag_cable_name =~ "Digilent Zed 210248774543" && level==0} -index 1' command is executed.
23:27:10 INFO  : FPGA configured successfully with bitstream "C:/Users/bntha/Desktop/ZedBoard_Tuturial/adventures_with_ip/adventures_with_ip.sdk/ip_design_wrapper_hw_platform_0/ip_design_wrapper.bit"
23:27:27 INFO  : 'targets -set -filter {jtag_cable_name =~ "Digilent Zed 210248774543" && level==0} -index 1' command is executed.
23:27:27 INFO  : 'fpga -state' command is executed.
23:27:27 INFO  : Connected to target on host '127.0.0.1' and port '3121'.
23:27:28 INFO  : Jtag cable 'Digilent Zed 210248774543' is selected.
23:27:28 INFO  : 'jtag frequency' command is executed.
23:27:28 INFO  : Sourcing of 'C:/Users/bntha/Desktop/ZedBoard_Tuturial/adventures_with_ip/adventures_with_ip.sdk/ip_design_wrapper_hw_platform_0/ps7_init.tcl' is done.
23:27:28 INFO  : Context for 'APU' is selected.
23:27:28 INFO  : Hardware design information is loaded from 'C:/Users/bntha/Desktop/ZedBoard_Tuturial/adventures_with_ip/adventures_with_ip.sdk/ip_design_wrapper_hw_platform_0/system.hdf'.
23:27:28 INFO  : 'configparams force-mem-access 1' command is executed.
23:27:28 INFO  : Context for 'APU' is selected.
23:27:28 INFO  : 'stop' command is executed.
23:27:28 ERROR : Debug context is claimed by another client
23:27:28 INFO  : ----------------XSDB Script----------------
connect -url tcp:127.0.0.1:3121
source C:/Users/bntha/Desktop/ZedBoard_Tuturial/adventures_with_ip/adventures_with_ip.sdk/ip_design_wrapper_hw_platform_0/ps7_init.tcl
targets -set -nocase -filter {name =~"APU*" && jtag_cable_name =~ "Digilent Zed 210248774543"} -index 0
loadhw -hw C:/Users/bntha/Desktop/ZedBoard_Tuturial/adventures_with_ip/adventures_with_ip.sdk/ip_design_wrapper_hw_platform_0/system.hdf -mem-ranges [list {0x40000000 0xbfffffff}]
configparams force-mem-access 1
targets -set -nocase -filter {name =~"APU*" && jtag_cable_name =~ "Digilent Zed 210248774543"} -index 0
stop
ps7_init
----------------End of Script----------------

23:27:34 WARN  : Given XMD transaction timeout value is invalid. Using default value of 60000 milli seconds
23:27:34 WARN  : Given XMD transaction timeout value is invalid. Using default value of 60000 milli seconds
23:27:34 WARN  : Given XMD transaction timeout value is invalid. Using default value of 60000 milli seconds
23:27:44 INFO  : Connected to target on host '127.0.0.1' and port '3121'.
23:27:44 INFO  : 'targets -set -filter {jtag_cable_name =~ "Digilent Zed 210248774543" && level==0} -index 1' command is executed.
23:27:47 INFO  : FPGA configured successfully with bitstream "C:/Users/bntha/Desktop/ZedBoard_Tuturial/adventures_with_ip/adventures_with_ip.sdk/ip_design_wrapper_hw_platform_0/ip_design_wrapper.bit"
23:28:01 INFO  : 'targets -set -filter {jtag_cable_name =~ "Digilent Zed 210248774543" && level==0} -index 1' command is executed.
23:28:01 INFO  : 'fpga -state' command is executed.
23:28:01 INFO  : Connected to target on host '127.0.0.1' and port '3121'.
23:28:02 INFO  : Jtag cable 'Digilent Zed 210248774543' is selected.
23:28:02 INFO  : 'jtag frequency' command is executed.
23:28:02 INFO  : Sourcing of 'C:/Users/bntha/Desktop/ZedBoard_Tuturial/adventures_with_ip/adventures_with_ip.sdk/ip_design_wrapper_hw_platform_0/ps7_init.tcl' is done.
23:28:02 INFO  : Context for 'APU' is selected.
23:28:02 INFO  : Hardware design information is loaded from 'C:/Users/bntha/Desktop/ZedBoard_Tuturial/adventures_with_ip/adventures_with_ip.sdk/ip_design_wrapper_hw_platform_0/system.hdf'.
23:28:02 INFO  : 'configparams force-mem-access 1' command is executed.
23:28:02 INFO  : Context for 'APU' is selected.
23:28:02 INFO  : 'stop' command is executed.
23:28:02 INFO  : 'ps7_init' command is executed.
23:28:02 INFO  : 'ps7_post_config' command is executed.
23:28:02 INFO  : Context for processor 'ps7_cortexa9_0' is selected.
23:28:02 INFO  : Processor reset is completed for 'ps7_cortexa9_0'.
23:28:02 INFO  : Context for processor 'ps7_cortexa9_0' is selected.
23:28:03 INFO  : The application 'C:/Users/bntha/Desktop/ZedBoard_Tuturial/adventures_with_ip/adventures_with_ip.sdk/adventures_with_ip/Debug/adventures_with_ip.elf' is downloaded to processor 'ps7_cortexa9_0'.
23:28:03 INFO  : 'configparams force-mem-access 0' command is executed.
23:28:03 INFO  : ----------------XSDB Script----------------
connect -url tcp:127.0.0.1:3121
source C:/Users/bntha/Desktop/ZedBoard_Tuturial/adventures_with_ip/adventures_with_ip.sdk/ip_design_wrapper_hw_platform_0/ps7_init.tcl
targets -set -nocase -filter {name =~"APU*" && jtag_cable_name =~ "Digilent Zed 210248774543"} -index 0
loadhw -hw C:/Users/bntha/Desktop/ZedBoard_Tuturial/adventures_with_ip/adventures_with_ip.sdk/ip_design_wrapper_hw_platform_0/system.hdf -mem-ranges [list {0x40000000 0xbfffffff}]
configparams force-mem-access 1
targets -set -nocase -filter {name =~"APU*" && jtag_cable_name =~ "Digilent Zed 210248774543"} -index 0
stop
ps7_init
ps7_post_config
targets -set -nocase -filter {name =~ "ARM*#0" && jtag_cable_name =~ "Digilent Zed 210248774543"} -index 0
rst -processor
targets -set -nocase -filter {name =~ "ARM*#0" && jtag_cable_name =~ "Digilent Zed 210248774543"} -index 0
dow C:/Users/bntha/Desktop/ZedBoard_Tuturial/adventures_with_ip/adventures_with_ip.sdk/adventures_with_ip/Debug/adventures_with_ip.elf
configparams force-mem-access 0
----------------End of Script----------------

23:28:03 INFO  : Memory regions updated for context APU
23:28:03 INFO  : Context for processor 'ps7_cortexa9_0' is selected.
23:28:03 INFO  : 'con' command is executed.
23:28:03 INFO  : ----------------XSDB Script (After Launch)----------------
targets -set -nocase -filter {name =~ "ARM*#0" && jtag_cable_name =~ "Digilent Zed 210248774543"} -index 0
con
----------------End of Script----------------

23:28:03 INFO  : Launch script is exported to file 'C:\Users\bntha\Desktop\ZedBoard_Tuturial\adventures_with_ip\adventures_with_ip.sdk\.sdk\launch_scripts\xilinx_c-c++_application_(system_debugger)\system_debugger_using_debug_adventures_with_ip.elf_on_local.tcl'
23:30:59 INFO  : Disconnected from the channel tcfchan#2.
23:31:02 ERROR : Unexpected error while parsing XMD response ?: com.google.gson.JsonSyntaxException: com.google.gson.stream.MalformedJsonException: invalid number or unquoted string near 
14:14:12 INFO  : Registering command handlers for SDK TCF services
14:14:13 INFO  : Launching XSCT server: xsct.bat -interactive C:\Users\bntha\Desktop\ZedBoard_Tuturial\adventures_with_ip\adventures_with_ip.sdk\temp_xsdb_launch_script.tcl
14:14:17 INFO  : XSCT server has started successfully.
14:14:17 INFO  : Successfully done setting XSCT server connection channel  
14:14:23 INFO  : Successfully done setting SDK workspace  
14:14:23 INFO  : Restoring global repository preferences: 
		 C:\Users\bntha\Desktop\ZedBoard_Tuturial\ip_repo\led_controller_1.0
14:14:23 INFO  : Restoring local repository preferences: 
		 C:\Users\bntha\Desktop\ZedBoard_Tuturial\Sources\adventures_with_ip_integrator\ip\zed_audio_ctrl
		 C:\Users\bntha\Desktop\ZedBoard_Tuturial\Sources\adventures_with_ip_integrator\ip\xilinx_com_hls_nco_1_0
		 C:\Users\bntha\Desktop\ZedBoard_Tuturial\Sources\adventures_with_ip_integrator\ip\xilinx.com_user_lms_pcore_1.0
		 C:\Users\bntha\Desktop\ZedBoard_Tuturial\Sources\adventures_with_ip_integrator\ip\xilinx.com_user_led_controller_1.0
14:14:24 INFO  : Processing command line option -hwspec C:/Users/bntha/Desktop/ZedBoard_Tuturial/adventures_with_ip/adventures_with_ip.sdk/ip_design_wrapper.hdf.
14:14:24 INFO  : Checking for hwspec changes in the project ip_design_wrapper_hw_platform_0.
14:14:32 INFO  : SDK has detected change in the last modified timestamps for source hardware specification file Source:1523423291561,  Project:1523368986066
14:14:32 INFO  : The hardware specification for project 'ip_design_wrapper_hw_platform_0' is different from C:/Users/bntha/Desktop/ZedBoard_Tuturial/adventures_with_ip/adventures_with_ip.sdk/ip_design_wrapper.hdf.
14:14:32 INFO  : Copied contents of C:/Users/bntha/Desktop/ZedBoard_Tuturial/adventures_with_ip/adventures_with_ip.sdk/ip_design_wrapper.hdf into \ip_design_wrapper_hw_platform_0\system.hdf.
14:14:36 INFO  : Synchronizing projects in the workspace with the hardware platform specification changes.
14:14:47 INFO  : 
14:14:48 INFO  : Updating hardware inferred compiler options for adventures_with_ip.
14:14:48 INFO  : Clearing existing target manager status.
14:14:48 WARN  : Given IPC port value is invalid. Using default port 2350
14:14:48 WARN  : Given XMD timeout value is invalid. Using default value of 50000
14:14:50 WARN  : Given XMD transaction timeout value is invalid. Using default value of 60000 milli seconds
14:20:16 INFO  : Connected to target on host '127.0.0.1' and port '3121'.
14:20:17 INFO  : 'targets -set -filter {jtag_cable_name =~ "Digilent Zed 210248774543" && level==0} -index 1' command is executed.
14:20:20 INFO  : FPGA configured successfully with bitstream "C:/Users/bntha/Desktop/ZedBoard_Tuturial/adventures_with_ip/adventures_with_ip.sdk/ip_design_wrapper_hw_platform_0/ip_design_wrapper.bit"
14:20:27 WARN  : Given XMD transaction timeout value is invalid. Using default value of 60000 milli seconds
14:20:31 WARN  : Given XMD transaction timeout value is invalid. Using default value of 60000 milli seconds
14:20:31 WARN  : Given XMD transaction timeout value is invalid. Using default value of 60000 milli seconds
14:20:31 WARN  : Given XMD transaction timeout value is invalid. Using default value of 60000 milli seconds
14:20:31 WARN  : Given XMD transaction timeout value is invalid. Using default value of 60000 milli seconds
14:20:32 WARN  : Given XMD transaction timeout value is invalid. Using default value of 60000 milli seconds
14:20:32 WARN  : Given XMD transaction timeout value is invalid. Using default value of 60000 milli seconds
14:20:32 WARN  : Given XMD transaction timeout value is invalid. Using default value of 60000 milli seconds
14:20:32 INFO  : ps7_init is completed.
14:20:32 WARN  : Given XMD transaction timeout value is invalid. Using default value of 60000 milli seconds
14:20:32 INFO  : ps7_post_config is completed.
14:20:32 WARN  : Given XMD transaction timeout value is invalid. Using default value of 60000 milli seconds
14:20:32 WARN  : Given XMD transaction timeout value is invalid. Using default value of 60000 milli seconds
14:20:32 INFO  : Processor reset is completed for ps7_cortexa9_0
14:20:32 WARN  : Given XMD transaction timeout value is invalid. Using default value of 60000 milli seconds
14:20:33 WARN  : Given XMD transaction timeout value is invalid. Using default value of 60000 milli seconds
14:20:33 WARN  : Given XMD transaction timeout value is invalid. Using default value of 60000 milli seconds
14:20:33 WARN  : Given XMD transaction timeout value is invalid. Using default value of 60000 milli seconds
14:20:33 WARN  : Given XMD transaction timeout value is invalid. Using default value of 60000 milli seconds
14:20:33 WARN  : Given XMD transaction timeout value is invalid. Using default value of 60000 milli seconds
14:21:34 WARN  : Given XMD transaction timeout value is invalid. Using default value of 60000 milli seconds
14:21:34 INFO  : ps7_cortexa9_0 Processor is in use. Please stop existing Run or Debug sessions before launching.
14:21:36 WARN  : Given XMD transaction timeout value is invalid. Using default value of 60000 milli seconds
14:21:36 WARN  : Given XMD transaction timeout value is invalid. Using default value of 60000 milli seconds
14:21:36 WARN  : Given XMD transaction timeout value is invalid. Using default value of 60000 milli seconds
14:21:36 WARN  : Given XMD transaction timeout value is invalid. Using default value of 60000 milli seconds
14:21:36 WARN  : Given XMD transaction timeout value is invalid. Using default value of 60000 milli seconds
14:21:37 INFO  : Processor reset is completed for ps7_cortexa9_0
14:21:37 WARN  : Given XMD transaction timeout value is invalid. Using default value of 60000 milli seconds
14:21:37 WARN  : Given XMD transaction timeout value is invalid. Using default value of 60000 milli seconds
14:21:37 WARN  : Given XMD transaction timeout value is invalid. Using default value of 60000 milli seconds
14:21:37 WARN  : Given XMD transaction timeout value is invalid. Using default value of 60000 milli seconds
14:21:37 WARN  : Given XMD transaction timeout value is invalid. Using default value of 60000 milli seconds
14:21:37 WARN  : Given XMD transaction timeout value is invalid. Using default value of 60000 milli seconds
15:08:06 INFO  : SDK has detected change in the last modified timestamps for source hardware specification file Source:1523426864909,  Project:1523423291561
15:08:06 INFO  : Project ip_design_wrapper_hw_platform_0's source hardware specification located at C:/Users/bntha/Desktop/ZedBoard_Tuturial/adventures_with_ip/adventures_with_ip.sdk/ip_design_wrapper.hdf is now different from the local copy.
		 The local copy will be replaced with the source specification and your workspace will be updated.
15:08:12 INFO  : Copied contents of C:/Users/bntha/Desktop/ZedBoard_Tuturial/adventures_with_ip/adventures_with_ip.sdk/ip_design_wrapper.hdf into \ip_design_wrapper_hw_platform_0\system.hdf.
15:08:19 INFO  : Synchronizing projects in the workspace with the hardware platform specification changes.
15:08:30 INFO  : 
15:08:30 INFO  : Updating hardware inferred compiler options for adventures_with_ip.
15:08:30 INFO  : Clearing existing target manager status.
15:20:16 INFO  : SDK has detected change in the last modified timestamps for source hardware specification file Source:1523427506226,  Project:1523426864909
15:20:16 INFO  : Project ip_design_wrapper_hw_platform_0's source hardware specification located at C:/Users/bntha/Desktop/ZedBoard_Tuturial/adventures_with_ip/adventures_with_ip.sdk/ip_design_wrapper.hdf is now different from the local copy.
		 The local copy will be replaced with the source specification and your workspace will be updated.
15:20:17 INFO  : Copied contents of C:/Users/bntha/Desktop/ZedBoard_Tuturial/adventures_with_ip/adventures_with_ip.sdk/ip_design_wrapper.hdf into \ip_design_wrapper_hw_platform_0\system.hdf.
15:20:23 INFO  : Synchronizing projects in the workspace with the hardware platform specification changes.
15:20:32 INFO  : 
15:20:33 INFO  : Updating hardware inferred compiler options for adventures_with_ip.
15:20:33 INFO  : Clearing existing target manager status.
15:21:55 INFO  : Connected to target on host '127.0.0.1' and port '3121'.
15:21:55 INFO  : 'targets -set -filter {jtag_cable_name =~ "Digilent Zed 210248774543" && level==0} -index 1' command is executed.
15:21:58 INFO  : FPGA configured successfully with bitstream "C:/Users/bntha/Desktop/ZedBoard_Tuturial/adventures_with_ip/adventures_with_ip.sdk/ip_design_wrapper_hw_platform_0/ip_design_wrapper.bit"
15:27:27 WARN  : Given XMD transaction timeout value is invalid. Using default value of 60000 milli seconds
15:27:30 WARN  : Given XMD transaction timeout value is invalid. Using default value of 60000 milli seconds
15:27:30 WARN  : Given XMD transaction timeout value is invalid. Using default value of 60000 milli seconds
15:27:30 WARN  : Given XMD transaction timeout value is invalid. Using default value of 60000 milli seconds
15:27:30 WARN  : Given XMD transaction timeout value is invalid. Using default value of 60000 milli seconds
15:27:30 WARN  : Given XMD transaction timeout value is invalid. Using default value of 60000 milli seconds
15:27:30 WARN  : Given XMD transaction timeout value is invalid. Using default value of 60000 milli seconds
15:27:30 WARN  : Given XMD transaction timeout value is invalid. Using default value of 60000 milli seconds
15:27:34 WARN  : Given XMD transaction timeout value is invalid. Using default value of 60000 milli seconds
15:27:34 WARN  : Given XMD transaction timeout value is invalid. Using default value of 60000 milli seconds
15:27:34 WARN  : Given XMD transaction timeout value is invalid. Using default value of 60000 milli seconds
15:27:34 ERROR : Unexpected error while launching program.
java.lang.RuntimeException: Error in Resetting Target

    Could not stop the processor after reset


	at com.xilinx.sdk.targetmanager.internal.TM.doProcessorReset(TM.java:1005)
	at com.xilinx.sdk.debug.core.XilinxAppLaunchConfigurationDelegate.runTargetSetup(XilinxAppLaunchConfigurationDelegate.java:534)
	at com.xilinx.sdk.debug.core.XilinxAppLaunchConfigurationDelegate.runApplication(XilinxAppLaunchConfigurationDelegate.java:616)
	at com.xilinx.sdk.debug.core.XilinxAppLaunchConfigurationDelegate.launch(XilinxAppLaunchConfigurationDelegate.java:309)
	at com.xilinx.sdk.debug.ui.XilinxAppLaunchDelegateWrapper.launch(XilinxAppLaunchDelegateWrapper.java:31)
	at org.eclipse.debug.internal.core.LaunchConfiguration.launch(LaunchConfiguration.java:885)
	at org.eclipse.debug.internal.core.LaunchConfiguration.launch(LaunchConfiguration.java:739)
	at org.eclipse.debug.internal.ui.DebugUIPlugin.buildAndLaunch(DebugUIPlugin.java:1039)
	at org.eclipse.debug.internal.ui.DebugUIPlugin$8.run(DebugUIPlugin.java:1256)
	at org.eclipse.core.internal.jobs.Worker.run(Worker.java:55)
15:27:44 INFO  : Connected to target on host '127.0.0.1' and port '3121'.
15:27:44 INFO  : 'targets -set -filter {jtag_cable_name =~ "Digilent Zed 210248774543" && level==0} -index 1' command is executed.
15:27:47 ERROR : fpga configuration failed. DONE PIN is not HIGH
15:27:55 INFO  : Connected to target on host '127.0.0.1' and port '3121'.
15:27:55 INFO  : 'targets -set -filter {jtag_cable_name =~ "Digilent Zed 210248774543" && level==0} -index 1' command is executed.
15:27:58 ERROR : fpga configuration failed. DONE PIN is not HIGH
15:28:07 INFO  : Connected to target on host '127.0.0.1' and port '3121'.
15:28:09 INFO  : 'targets -set -filter {jtag_cable_name =~ "Digilent Zed 210248774543" && level==0} -index 1' command is executed.
15:28:11 INFO  : FPGA configured successfully with bitstream "C:/Users/bntha/Desktop/ZedBoard_Tuturial/adventures_with_ip/adventures_with_ip.sdk/ip_design_wrapper_hw_platform_0/ip_design_wrapper.bit"
15:28:21 WARN  : Given XMD transaction timeout value is invalid. Using default value of 60000 milli seconds
15:28:21 WARN  : Given XMD transaction timeout value is invalid. Using default value of 60000 milli seconds
15:28:22 WARN  : Given XMD transaction timeout value is invalid. Using default value of 60000 milli seconds
15:28:22 WARN  : Given XMD transaction timeout value is invalid. Using default value of 60000 milli seconds
15:28:22 WARN  : Given XMD transaction timeout value is invalid. Using default value of 60000 milli seconds
15:28:22 WARN  : Given XMD transaction timeout value is invalid. Using default value of 60000 milli seconds
15:28:22 WARN  : Given XMD transaction timeout value is invalid. Using default value of 60000 milli seconds
15:28:22 INFO  : ps7_init is completed.
15:28:22 WARN  : Given XMD transaction timeout value is invalid. Using default value of 60000 milli seconds
15:28:22 INFO  : ps7_post_config is completed.
15:28:22 WARN  : Given XMD transaction timeout value is invalid. Using default value of 60000 milli seconds
15:28:22 WARN  : Given XMD transaction timeout value is invalid. Using default value of 60000 milli seconds
15:28:23 INFO  : Processor reset is completed for ps7_cortexa9_0
15:28:23 WARN  : Given XMD transaction timeout value is invalid. Using default value of 60000 milli seconds
15:28:23 WARN  : Given XMD transaction timeout value is invalid. Using default value of 60000 milli seconds
15:28:23 WARN  : Given XMD transaction timeout value is invalid. Using default value of 60000 milli seconds
15:28:23 WARN  : Given XMD transaction timeout value is invalid. Using default value of 60000 milli seconds
15:28:23 WARN  : Given XMD transaction timeout value is invalid. Using default value of 60000 milli seconds
15:28:23 WARN  : Given XMD transaction timeout value is invalid. Using default value of 60000 milli seconds
15:30:33 WARN  : Given XMD transaction timeout value is invalid. Using default value of 60000 milli seconds
15:30:33 WARN  : Given XMD transaction timeout value is invalid. Using default value of 60000 milli seconds
15:30:33 WARN  : Given XMD transaction timeout value is invalid. Using default value of 60000 milli seconds
15:48:20 INFO  : SDK has detected change in the last modified timestamps for source hardware specification file Source:1523429282235,  Project:1523427506226
15:48:20 INFO  : Project ip_design_wrapper_hw_platform_0's source hardware specification located at C:/Users/bntha/Desktop/ZedBoard_Tuturial/adventures_with_ip/adventures_with_ip.sdk/ip_design_wrapper.hdf is now different from the local copy.
		 The local copy will be replaced with the source specification and your workspace will be updated.
15:48:22 INFO  : Copied contents of C:/Users/bntha/Desktop/ZedBoard_Tuturial/adventures_with_ip/adventures_with_ip.sdk/ip_design_wrapper.hdf into \ip_design_wrapper_hw_platform_0\system.hdf.
15:48:28 INFO  : Synchronizing projects in the workspace with the hardware platform specification changes.
15:48:40 INFO  : 
15:48:40 INFO  : Updating hardware inferred compiler options for adventures_with_ip.
15:49:53 INFO  : Clearing existing target manager status.
15:55:59 INFO  : Connected to target on host '127.0.0.1' and port '3121'.
15:55:59 INFO  : 'targets -set -filter {jtag_cable_name =~ "Digilent Zed 210248774543" && level==0} -index 1' command is executed.
15:56:01 INFO  : FPGA configured successfully with bitstream "C:/Users/bntha/Desktop/ZedBoard_Tuturial/adventures_with_ip/adventures_with_ip.sdk/ip_design_wrapper_hw_platform_0/ip_design_wrapper.bit"
15:56:21 WARN  : Given XMD transaction timeout value is invalid. Using default value of 60000 milli seconds
15:56:24 WARN  : Given XMD transaction timeout value is invalid. Using default value of 60000 milli seconds
15:56:24 WARN  : Given XMD transaction timeout value is invalid. Using default value of 60000 milli seconds
15:56:24 WARN  : Given XMD transaction timeout value is invalid. Using default value of 60000 milli seconds
15:56:24 WARN  : Given XMD transaction timeout value is invalid. Using default value of 60000 milli seconds
15:56:24 WARN  : Given XMD transaction timeout value is invalid. Using default value of 60000 milli seconds
15:56:24 WARN  : Given XMD transaction timeout value is invalid. Using default value of 60000 milli seconds
15:56:24 WARN  : Given XMD transaction timeout value is invalid. Using default value of 60000 milli seconds
15:56:24 INFO  : ps7_init is completed.
15:56:24 WARN  : Given XMD transaction timeout value is invalid. Using default value of 60000 milli seconds
15:56:25 INFO  : ps7_post_config is completed.
15:56:25 WARN  : Given XMD transaction timeout value is invalid. Using default value of 60000 milli seconds
15:56:25 WARN  : Given XMD transaction timeout value is invalid. Using default value of 60000 milli seconds
15:56:25 INFO  : Processor reset is completed for ps7_cortexa9_0
15:56:25 WARN  : Given XMD transaction timeout value is invalid. Using default value of 60000 milli seconds
15:56:25 WARN  : Given XMD transaction timeout value is invalid. Using default value of 60000 milli seconds
15:56:25 WARN  : Given XMD transaction timeout value is invalid. Using default value of 60000 milli seconds
15:56:25 WARN  : Given XMD transaction timeout value is invalid. Using default value of 60000 milli seconds
15:56:25 WARN  : Given XMD transaction timeout value is invalid. Using default value of 60000 milli seconds
15:56:25 WARN  : Given XMD transaction timeout value is invalid. Using default value of 60000 milli seconds
