Copyright 1986-2017 Xilinx, Inc. All Rights Reserved.
------------------------------------------------------------------------------------------------------
| Tool Version : Vivado v.2017.4 (win64) Build 2086221 Fri Dec 15 20:55:39 MST 2017
| Date         : Tue Apr 10 14:25:31 2018
| Host         : DESKTOP-UCUUCNT running 64-bit major release  (build 9200)
| Command      : report_control_sets -verbose -file first_zynq_system_wrapper_control_sets_placed.rpt
| Design       : first_zynq_system_wrapper
| Device       : xc7z020
------------------------------------------------------------------------------------------------------

Control Set Information

Table of Contents
-----------------
1. Summary
2. Flip-Flop Distribution
3. Detailed Control Set Information

1. Summary
----------

+----------------------------------------------------------+-------+
|                          Status                          | Count |
+----------------------------------------------------------+-------+
| Number of unique control sets                            |    34 |
| Unused register locations in slices containing registers |    82 |
+----------------------------------------------------------+-------+


2. Flip-Flop Distribution
-------------------------

+--------------+-----------------------+------------------------+-----------------+--------------+
| Clock Enable | Synchronous Set/Reset | Asynchronous Set/Reset | Total Registers | Total Slices |
+--------------+-----------------------+------------------------+-----------------+--------------+
| No           | No                    | No                     |             112 |           41 |
| No           | No                    | Yes                    |               0 |            0 |
| No           | Yes                   | No                     |             103 |           29 |
| Yes          | No                    | No                     |             336 |           80 |
| Yes          | No                    | Yes                    |               0 |            0 |
| Yes          | Yes                   | No                     |              55 |           14 |
+--------------+-----------------------+------------------------+-----------------+--------------+


3. Detailed Control Set Information
-----------------------------------

+----------------------------------------------------------+-------------------------------------------------------------------------------------------------------------------------------------------------------------------------+---------------------------------------------------------------------------------------------------------------------------------------------------+------------------+----------------+
|                       Clock Signal                       |                                                                              Enable Signal                                                                              |                                                                  Set/Reset Signal                                                                 | Slice Load Count | Bel Load Count |
+----------------------------------------------------------+-------------------------------------------------------------------------------------------------------------------------------------------------------------------------+---------------------------------------------------------------------------------------------------------------------------------------------------+------------------+----------------+
|  first_zynq_system_i/processing_system7_0/inst/FCLK_CLK0 | first_zynq_system_i/ps7_0_axi_periph/s00_couplers/auto_pc/inst/gen_axilite.gen_b2s_conv.axilite_b2s/WR.b_channel_0/bid_fifo_0/bresp_push                                |                                                                                                                                                   |                1 |              2 |
|  first_zynq_system_i/processing_system7_0/inst/FCLK_CLK0 |                                                                                                                                                                         | first_zynq_system_i/axi_gpio_0/U0/AXI_LITE_IPIF_I/I_SLAVE_ATTACHMENT/clear                                                                        |                1 |              4 |
|  first_zynq_system_i/processing_system7_0/inst/FCLK_CLK0 |                                                                                                                                                                         | first_zynq_system_i/ps7_0_axi_periph/s00_couplers/auto_pc/inst/gen_axilite.gen_b2s_conv.axilite_b2s/SI_REG/ar.ar_pipe/m_valid_i_reg_0             |                2 |              4 |
|  first_zynq_system_i/processing_system7_0/inst/FCLK_CLK0 |                                                                                                                                                                         | first_zynq_system_i/ps7_0_axi_periph/s00_couplers/auto_pc/inst/gen_axilite.gen_b2s_conv.axilite_b2s/SI_REG/aw.aw_pipe/s_ready_i_reg_0             |                2 |              4 |
|  first_zynq_system_i/processing_system7_0/inst/FCLK_CLK0 |                                                                                                                                                                         | first_zynq_system_i/rst_ps7_0_100M/U0/EXT_LPF/lpf_int                                                                                             |                2 |              4 |
|  first_zynq_system_i/processing_system7_0/inst/FCLK_CLK0 | first_zynq_system_i/axi_gpio_0/U0/AXI_LITE_IPIF_I/I_SLAVE_ATTACHMENT/start2                                                                                             | first_zynq_system_i/axi_gpio_0/U0/AXI_LITE_IPIF_I/I_SLAVE_ATTACHMENT/I_DECODER/cs_ce_clr                                                          |                1 |              4 |
|  first_zynq_system_i/processing_system7_0/inst/FCLK_CLK0 | first_zynq_system_i/axi_gpio_0/U0/AXI_LITE_IPIF_I/I_SLAVE_ATTACHMENT/bus2ip_addr_i[8]_i_1_n_0                                                                           | first_zynq_system_i/axi_gpio_0/U0/AXI_LITE_IPIF_I/I_SLAVE_ATTACHMENT/SR                                                                           |                1 |              4 |
|  first_zynq_system_i/processing_system7_0/inst/FCLK_CLK0 | first_zynq_system_i/ps7_0_axi_periph/s00_couplers/auto_pc/inst/gen_axilite.gen_b2s_conv.axilite_b2s/RD.ar_channel_0/ar_cmd_fsm_0/axlen_cnt_reg[4][0]                    | first_zynq_system_i/ps7_0_axi_periph/s00_couplers/auto_pc/inst/gen_axilite.gen_b2s_conv.axilite_b2s/RD.ar_channel_0/ar_cmd_fsm_0/axlen_cnt_reg[7] |                2 |              4 |
|  first_zynq_system_i/processing_system7_0/inst/FCLK_CLK0 | first_zynq_system_i/ps7_0_axi_periph/s00_couplers/auto_pc/inst/gen_axilite.gen_b2s_conv.axilite_b2s/WR.aw_channel_0/aw_cmd_fsm_0/E[0]                                   | first_zynq_system_i/ps7_0_axi_periph/s00_couplers/auto_pc/inst/gen_axilite.gen_b2s_conv.axilite_b2s/WR.aw_channel_0/aw_cmd_fsm_0/axlen_cnt_reg[7] |                1 |              4 |
|  first_zynq_system_i/processing_system7_0/inst/FCLK_CLK0 | first_zynq_system_i/rst_ps7_0_100M/U0/SEQ/seq_cnt_en                                                                                                                    | first_zynq_system_i/rst_ps7_0_100M/U0/SEQ/SEQ_COUNTER/clear                                                                                       |                1 |              6 |
|  first_zynq_system_i/processing_system7_0/inst/FCLK_CLK0 | first_zynq_system_i/ps7_0_axi_periph/s00_couplers/auto_pc/inst/gen_axilite.gen_b2s_conv.axilite_b2s/WR.b_channel_0/mhandshake_r                                         | first_zynq_system_i/ps7_0_axi_periph/s00_couplers/auto_pc/inst/gen_axilite.gen_b2s_conv.axilite_b2s/WR.b_channel_0/bid_fifo_0/SR[0]               |                3 |              8 |
|  first_zynq_system_i/processing_system7_0/inst/FCLK_CLK0 |                                                                                                                                                                         | first_zynq_system_i/axi_gpio_0/U0/AXI_LITE_IPIF_I/I_SLAVE_ATTACHMENT/I_DECODER/Not_Dual.ALLOUT_ND.READ_REG_GEN[0].reg1_reg[24]                    |                1 |              8 |
|  first_zynq_system_i/processing_system7_0/inst/FCLK_CLK0 | first_zynq_system_i/axi_gpio_0/U0/AXI_LITE_IPIF_I/I_SLAVE_ATTACHMENT/s_axi_rdata_i[31]_i_1_n_0                                                                          | first_zynq_system_i/axi_gpio_0/U0/AXI_LITE_IPIF_I/I_SLAVE_ATTACHMENT/SR                                                                           |                2 |              9 |
|  first_zynq_system_i/processing_system7_0/inst/FCLK_CLK0 | first_zynq_system_i/ps7_0_axi_periph/s00_couplers/auto_pc/inst/gen_axilite.gen_b2s_conv.axilite_b2s/WR.aw_channel_0/cmd_translator_0/incr_cmd_0/axaddr_incr[11]_i_1_n_0 |                                                                                                                                                   |                2 |             12 |
|  first_zynq_system_i/processing_system7_0/inst/FCLK_CLK0 | first_zynq_system_i/ps7_0_axi_periph/s00_couplers/auto_pc/inst/gen_axilite.gen_b2s_conv.axilite_b2s/RD.ar_channel_0/ar_cmd_fsm_0/axaddr_incr_reg[0][0]                  |                                                                                                                                                   |                2 |             12 |
|  first_zynq_system_i/processing_system7_0/inst/FCLK_CLK0 | first_zynq_system_i/ps7_0_axi_periph/s00_couplers/auto_pc/inst/gen_axilite.gen_b2s_conv.axilite_b2s/RD.ar_channel_0/ar_cmd_fsm_0/E[0]                                   |                                                                                                                                                   |                4 |             12 |
|  first_zynq_system_i/processing_system7_0/inst/FCLK_CLK0 | first_zynq_system_i/ps7_0_axi_periph/s00_couplers/auto_pc/inst/gen_axilite.gen_b2s_conv.axilite_b2s/WR.aw_channel_0/aw_cmd_fsm_0/wrap_boundary_axaddr_r_reg[0][0]       |                                                                                                                                                   |                6 |             12 |
|  first_zynq_system_i/processing_system7_0/inst/FCLK_CLK0 | first_zynq_system_i/ps7_0_axi_periph/s00_couplers/auto_pc/inst/gen_axilite.gen_b2s_conv.axilite_b2s/RD.r_channel_0/r_push_r                                             |                                                                                                                                                   |                4 |             13 |
|  first_zynq_system_i/processing_system7_0/inst/FCLK_CLK0 | first_zynq_system_i/ps7_0_axi_periph/s00_couplers/auto_pc/inst/gen_axilite.gen_b2s_conv.axilite_b2s/SI_REG/b.b_pipe/p_1_in                                              |                                                                                                                                                   |                3 |             14 |
|  first_zynq_system_i/processing_system7_0/inst/FCLK_CLK0 | first_zynq_system_i/ps7_0_axi_periph/s00_couplers/auto_pc/inst/gen_axilite.gen_b2s_conv.axilite_b2s/SI_REG/b.b_pipe/skid_buffer_reg[0]_0                                |                                                                                                                                                   |                3 |             14 |
|  first_zynq_system_i/processing_system7_0/inst/FCLK_CLK0 | first_zynq_system_i/axi_gpio_0/U0/AXI_LITE_IPIF_I/I_SLAVE_ATTACHMENT/I_DECODER/E[0]                                                                                     | first_zynq_system_i/axi_gpio_0/U0/AXI_LITE_IPIF_I/I_SLAVE_ATTACHMENT/SR                                                                           |                3 |             16 |
|  first_zynq_system_i/processing_system7_0/inst/FCLK_CLK0 | first_zynq_system_i/ps7_0_axi_periph/s00_couplers/auto_pc/inst/gen_axilite.gen_b2s_conv.axilite_b2s/WR.aw_channel_0/aw_cmd_fsm_0/b_push                                 |                                                                                                                                                   |                3 |             16 |
|  first_zynq_system_i/processing_system7_0/inst/FCLK_CLK0 |                                                                                                                                                                         | first_zynq_system_i/axi_gpio_0/U0/AXI_LITE_IPIF_I/I_SLAVE_ATTACHMENT/SR                                                                           |                6 |             20 |
|  first_zynq_system_i/processing_system7_0/inst/FCLK_CLK0 | first_zynq_system_i/ps7_0_axi_periph/s00_couplers/auto_pc/inst/gen_axilite.gen_b2s_conv.axilite_b2s/RD.ar_channel_0/ar_cmd_fsm_0/axlen_cnt_reg[4][0]                    |                                                                                                                                                   |                8 |             21 |
|  first_zynq_system_i/processing_system7_0/inst/FCLK_CLK0 | first_zynq_system_i/ps7_0_axi_periph/s00_couplers/auto_pc/inst/gen_axilite.gen_b2s_conv.axilite_b2s/WR.aw_channel_0/aw_cmd_fsm_0/E[0]                                   |                                                                                                                                                   |                7 |             21 |
|  first_zynq_system_i/processing_system7_0/inst/FCLK_CLK0 | first_zynq_system_i/ps7_0_axi_periph/s00_couplers/auto_pc/inst/gen_axilite.gen_b2s_conv.axilite_b2s/SI_REG/aw.aw_pipe/s_axi_awready                                     |                                                                                                                                                   |                7 |             32 |
|  first_zynq_system_i/processing_system7_0/inst/FCLK_CLK0 | first_zynq_system_i/ps7_0_axi_periph/s00_couplers/auto_pc/inst/gen_axilite.gen_b2s_conv.axilite_b2s/WR.aw_channel_0/aw_cmd_fsm_0/m_payload_i_reg[0][0]                  |                                                                                                                                                   |                7 |             32 |
|  first_zynq_system_i/processing_system7_0/inst/FCLK_CLK0 | first_zynq_system_i/ps7_0_axi_periph/s00_couplers/auto_pc/inst/gen_axilite.gen_b2s_conv.axilite_b2s/SI_REG/ar.ar_pipe/s_axi_arready                                     |                                                                                                                                                   |                7 |             32 |
|  first_zynq_system_i/processing_system7_0/inst/FCLK_CLK0 | first_zynq_system_i/ps7_0_axi_periph/s00_couplers/auto_pc/inst/gen_axilite.gen_b2s_conv.axilite_b2s/RD.ar_channel_0/ar_cmd_fsm_0/m_payload_i_reg[0]_1[0]                |                                                                                                                                                   |                7 |             32 |
|  first_zynq_system_i/processing_system7_0/inst/FCLK_CLK0 | first_zynq_system_i/ps7_0_axi_periph/s00_couplers/auto_pc/inst/gen_axilite.gen_b2s_conv.axilite_b2s/RD.r_channel_0/rd_data_fifo_0/wr_en0                                |                                                                                                                                                   |                9 |             32 |
|  first_zynq_system_i/processing_system7_0/inst/FCLK_CLK0 | first_zynq_system_i/ps7_0_axi_periph/s00_couplers/auto_pc/inst/gen_axilite.gen_b2s_conv.axilite_b2s/SI_REG/r.r_pipe/skid_buffer_reg[0]_0                                |                                                                                                                                                   |                9 |             45 |
|  first_zynq_system_i/processing_system7_0/inst/FCLK_CLK0 | first_zynq_system_i/ps7_0_axi_periph/s00_couplers/auto_pc/inst/gen_axilite.gen_b2s_conv.axilite_b2s/SI_REG/r.r_pipe/p_1_in                                              |                                                                                                                                                   |                8 |             45 |
|  first_zynq_system_i/processing_system7_0/inst/FCLK_CLK0 |                                                                                                                                                                         | first_zynq_system_i/ps7_0_axi_periph/s00_couplers/auto_pc/inst/gen_axilite.gen_b2s_conv.axilite_b2s/areset_d1                                     |               15 |             59 |
|  first_zynq_system_i/processing_system7_0/inst/FCLK_CLK0 |                                                                                                                                                                         |                                                                                                                                                   |               42 |            113 |
+----------------------------------------------------------+-------------------------------------------------------------------------------------------------------------------------------------------------------------------------+---------------------------------------------------------------------------------------------------------------------------------------------------+------------------+----------------+


+--------+-----------------------+
| Fanout | Number of ControlSets |
+--------+-----------------------+
| 2      |                     1 |
| 4      |                     8 |
| 6      |                     1 |
| 8      |                     2 |
| 9      |                     1 |
| 12     |                     4 |
| 13     |                     1 |
| 14     |                     2 |
| 16+    |                    14 |
+--------+-----------------------+


